{"contracts/VotingDapp.sol":{"l":{"54":18,"58":16,"64":15,"65":15,"66":15,"67":15,"68":15,"71":15,"78":15,"84":9,"86":9,"91":8,"93":7,"95":7,"102":9,"108":7,"110":6,"113":5,"114":5,"116":5,"121":1,"125":1,"129":1,"133":1,"137":1,"141":1},"path":"/Users/user/Documents/Portfolio/Voting Dapp 0.0.2/contracts/VotingDapp.sol","s":{"1":18,"2":16,"3":15,"4":15,"5":9,"6":9,"7":8,"8":7,"9":9,"10":7,"11":6,"12":5,"13":1,"14":1,"15":1,"16":1,"17":1,"18":1},"b":{"1":[16,2],"2":[15,1],"3":[8,1],"4":[7,1],"5":[7,2],"6":[6,1],"7":[5,1]},"f":{"1":3,"2":18,"3":9,"4":9,"5":1,"6":1,"7":1,"8":1,"9":1,"10":1},"fnMap":{"1":{"name":"constructor","line":46,"loc":{"start":{"line":46,"column":4},"end":{"line":46,"column":19}}},"2":{"name":"electionStart","line":49,"loc":{"start":{"line":49,"column":4},"end":{"line":79,"column":4}}},"3":{"name":"candidateReg","line":83,"loc":{"start":{"line":83,"column":4},"end":{"line":96,"column":4}}},"4":{"name":"vote","line":99,"loc":{"start":{"line":99,"column":4},"end":{"line":117,"column":4}}},"5":{"name":"getElectionStatus","line":120,"loc":{"start":{"line":120,"column":4},"end":{"line":122,"column":4}}},"6":{"name":"getRegistrationEndTime","line":124,"loc":{"start":{"line":124,"column":4},"end":{"line":126,"column":4}}},"7":{"name":"getVotingEndTime","line":128,"loc":{"start":{"line":128,"column":4},"end":{"line":130,"column":4}}},"8":{"name":"getElectionEndTime","line":132,"loc":{"start":{"line":132,"column":4},"end":{"line":134,"column":4}}},"9":{"name":"getElectionInitiator","line":136,"loc":{"start":{"line":136,"column":4},"end":{"line":138,"column":4}}},"10":{"name":"getCandidateVotes","line":140,"loc":{"start":{"line":140,"column":4},"end":{"line":142,"column":4}}}},"statementMap":{"1":{"start":{"line":54,"column":8},"end":{"line":54,"column":1676}},"2":{"start":{"line":58,"column":8},"end":{"line":58,"column":1845}},"3":{"start":{"line":71,"column":8},"end":{"line":71,"column":2575}},"4":{"start":{"line":78,"column":8},"end":{"line":78,"column":29}},"5":{"start":{"line":84,"column":8},"end":{"line":84,"column":48}},"6":{"start":{"line":86,"column":8},"end":{"line":86,"column":3180}},"7":{"start":{"line":91,"column":8},"end":{"line":91,"column":79}},"8":{"start":{"line":95,"column":8},"end":{"line":95,"column":56}},"9":{"start":{"line":102,"column":8},"end":{"line":102,"column":3834}},"10":{"start":{"line":108,"column":8},"end":{"line":108,"column":87}},"11":{"start":{"line":110,"column":8},"end":{"line":110,"column":73}},"12":{"start":{"line":116,"column":8},"end":{"line":116,"column":64}},"13":{"start":{"line":121,"column":8},"end":{"line":121,"column":63}},"14":{"start":{"line":125,"column":8},"end":{"line":125,"column":48}},"15":{"start":{"line":129,"column":8},"end":{"line":129,"column":42}},"16":{"start":{"line":133,"column":8},"end":{"line":133,"column":45}},"17":{"start":{"line":137,"column":8},"end":{"line":137,"column":47}},"18":{"start":{"line":141,"column":8},"end":{"line":141,"column":54}}},"branchMap":{"1":{"line":54,"type":"if","locations":[{"start":{"line":54,"column":8},"end":{"line":54,"column":8}},{"start":{"line":54,"column":8},"end":{"line":54,"column":8}}]},"2":{"line":58,"type":"if","locations":[{"start":{"line":58,"column":8},"end":{"line":58,"column":8}},{"start":{"line":58,"column":8},"end":{"line":58,"column":8}}]},"3":{"line":86,"type":"if","locations":[{"start":{"line":86,"column":8},"end":{"line":86,"column":8}},{"start":{"line":86,"column":8},"end":{"line":86,"column":8}}]},"4":{"line":91,"type":"if","locations":[{"start":{"line":91,"column":8},"end":{"line":91,"column":8}},{"start":{"line":91,"column":8},"end":{"line":91,"column":8}}]},"5":{"line":102,"type":"if","locations":[{"start":{"line":102,"column":8},"end":{"line":102,"column":8}},{"start":{"line":102,"column":8},"end":{"line":102,"column":8}}]},"6":{"line":108,"type":"if","locations":[{"start":{"line":108,"column":8},"end":{"line":108,"column":8}},{"start":{"line":108,"column":8},"end":{"line":108,"column":8}}]},"7":{"line":110,"type":"if","locations":[{"start":{"line":110,"column":8},"end":{"line":110,"column":8}},{"start":{"line":110,"column":8},"end":{"line":110,"column":8}}]}}}}