TN:
SF:/Users/user/Documents/Portfolio/Voting Dapp 0.0.2/contracts/VotingDapp.sol
FN:46,constructor
FN:49,electionStart
FN:83,candidateReg
FN:99,vote
FN:120,getElectionStatus
FN:124,getRegistrationEndTime
FN:128,getVotingEndTime
FN:132,getElectionEndTime
FN:136,getElectionInitiator
FN:140,getCandidateVotes
FNF:10
FNH:10
FNDA:3,constructor
FNDA:18,electionStart
FNDA:9,candidateReg
FNDA:9,vote
FNDA:1,getElectionStatus
FNDA:1,getRegistrationEndTime
FNDA:1,getVotingEndTime
FNDA:1,getElectionEndTime
FNDA:1,getElectionInitiator
FNDA:1,getCandidateVotes
DA:54,18
DA:58,16
DA:64,15
DA:65,15
DA:66,15
DA:67,15
DA:68,15
DA:71,15
DA:78,15
DA:84,9
DA:86,9
DA:91,8
DA:93,7
DA:95,7
DA:102,9
DA:108,7
DA:110,6
DA:113,5
DA:114,5
DA:116,5
DA:121,1
DA:125,1
DA:129,1
DA:133,1
DA:137,1
DA:141,1
LF:26
LH:26
BRDA:54,1,0,16
BRDA:54,1,1,2
BRDA:58,2,0,15
BRDA:58,2,1,1
BRDA:86,3,0,8
BRDA:86,3,1,1
BRDA:91,4,0,7
BRDA:91,4,1,1
BRDA:102,5,0,7
BRDA:102,5,1,2
BRDA:108,6,0,6
BRDA:108,6,1,1
BRDA:110,7,0,5
BRDA:110,7,1,1
BRF:14
BRH:14
end_of_record
